<?xml version="1.0" encoding="UTF-8"?>
<!-- Generated by org.testng.reporters.JUnitReportReporter -->
<testsuite hostname="Chaitanyas-Air.lan" failures="0" tests="2" name="demo.TestNGParallelMethods" time="21.817" errors="0" timestamp="2023-09-16T22:45:02 EDT" skipped="0">
  <testcase classname="demo.TestNGParallelMethods" name="test2" time="10.550"/>
  <testcase classname="demo.TestNGParallelMethods" name="test1" time="11.267"/>
</testsuite> <!-- demo.TestNGParallelMethods -->
