<?xml version="1.0" encoding="UTF-8"?>
<!-- Generated by org.testng.reporters.JUnitReportReporter -->
<testsuite hostname="Chaitanyas-Air.lan" failures="0" tests="1" name="demo.KatalonRecorder" time="9.657" errors="0" timestamp="2023-09-20T08:05:20 EDT" skipped="0">
  <testcase classname="demo.KatalonRecorder" name="testUntitledTestCase" time="9.657"/>
</testsuite> <!-- demo.KatalonRecorder -->
