<?xml version="1.0" encoding="UTF-8"?>
<!-- Generated by org.testng.reporters.JUnitReportReporter -->
<testsuite hostname="Chaitanyas-Air.lan" failures="0" tests="1" name="test.TestNG_Demo" time="2.106" errors="0" timestamp="2023-09-14T16:33:33 EDT" skipped="0">
  <testcase classname="test.TestNG_Demo" name="googleSearch" time="2.106"/>
</testsuite> <!-- test.TestNG_Demo -->
