<?xml version="1.0" encoding="UTF-8"?>
<!-- Generated by org.testng.reporters.JUnitReportReporter -->
<testsuite hostname="Chaitanyas-Air.lan" failures="0" tests="3" name="Listeners_Demo.TestNGListenersDemo2" time="0.021" errors="0" timestamp="2023-09-16T08:18:57 EDT" skipped="0">
  <testcase classname="Listeners_Demo.TestNGListenersDemo2" name="test4" time="0.005"/>
  <testcase classname="Listeners_Demo.TestNGListenersDemo2" name="test5" time="0.004"/>
  <testcase classname="Listeners_Demo.TestNGListenersDemo2" name="test3" time="0.012"/>
</testsuite> <!-- Listeners_Demo.TestNGListenersDemo2 -->
