<?xml version="1.0" encoding="UTF-8"?>
<!-- Generated by org.testng.reporters.JUnitReportReporter -->
<testsuite hostname="Chaitanyas-Air.lan" failures="0" tests="3" name="TestNGPriorities" time="0.017" errors="0" timestamp="2023-09-16T13:58:08 EDT" skipped="0">
  <testcase classname="TestNGPriorities" name="two" time="0.011"/>
  <testcase classname="TestNGPriorities" name="three" time="0.003"/>
  <testcase classname="TestNGPriorities" name="one" time="0.003"/>
</testsuite> <!-- TestNGPriorities -->
