<?xml version="1.0" encoding="UTF-8"?>
<!-- Generated by org.testng.reporters.JUnitReportReporter -->
<testsuite hostname="Chaitanyas-Air.lan" failures="0" tests="2" name="test.ExtentReportswithTestNG" time="1.708" errors="0" timestamp="2023-09-13T07:29:18 EDT" skipped="0">
  <testcase classname="test.ExtentReportswithTestNG" name="test2" time="0.007"/>
  <testcase classname="test.ExtentReportswithTestNG" name="test1" time="1.701"/>
</testsuite> <!-- test.ExtentReportswithTestNG -->
