<?xml version="1.0" encoding="UTF-8"?>
<!-- Generated by org.testng.reporters.JUnitReportReporter -->
<testsuite hostname="Chaitanyas-Air.lan" failures="0" tests="1" name="demo.TestNGParameters" time="0.014" errors="0" timestamp="2023-09-18T07:34:00 EDT" skipped="0">
  <testcase classname="demo.TestNGParameters" name="test" time="0.014"/>
</testsuite> <!-- demo.TestNGParameters -->
