<?xml version="1.0" encoding="UTF-8"?>
<!-- Generated by org.testng.reporters.JUnitReportReporter -->
<testsuite hostname="Chaitanyas-Air.lan" failures="0" tests="1" name="demo.WaitsDemo" time="9.836" errors="0" timestamp="2023-09-22T16:44:59 EDT" skipped="0">
  <testcase classname="demo.WaitsDemo" name="fluentWaitDemo" time="9.836"/>
</testsuite> <!-- demo.WaitsDemo -->
