<?xml version="1.0" encoding="UTF-8"?>
<!-- Generated by org.testng.reporters.JUnitReportReporter -->
<testsuite hostname="Chaitanyas-Air.lan" failures="0" tests="3" name="demo.TestNG_Groups" time="0.019" errors="0" timestamp="2023-09-17T22:47:58 EDT" skipped="0">
  <testcase classname="demo.TestNG_Groups" name="test3" time="0.002"/>
  <testcase classname="demo.TestNG_Groups" name="test2" time="0.002"/>
  <testcase classname="demo.TestNG_Groups" name="test1" time="0.015"/>
</testsuite> <!-- demo.TestNG_Groups -->
