<?xml version="1.0" encoding="UTF-8"?>
<!-- Generated by org.testng.reporters.JUnitReportReporter -->
<testsuite hostname="Chaitanyas-Air.lan" failures="0" tests="3" name="demo.TestNGDependency" time="0.016" errors="0" timestamp="2023-09-18T08:23:28 EDT" skipped="0">
  <testcase classname="demo.TestNGDependency" name="test3" time="0.012"/>
  <testcase classname="demo.TestNGDependency" name="test1" time="0.002"/>
  <testcase classname="demo.TestNGDependency" name="test2" time="0.002"/>
</testsuite> <!-- demo.TestNGDependency -->
